ERROR - 2022-04-24 23:17:46 --> Table 'management_assets.peralatan_dan_mesin' doesn't exist
CRITICAL - 2022-04-24 23:17:46 --> Table 'management_assets.peralatan_dan_mesin' doesn't exist
#0 C:\xampp\htdocs\management-assets\vendor\codeigniter4\framework\system\Database\MySQLi\Connection.php(292): mysqli->query('SELECT *\nFROM `...', 0)
#1 C:\xampp\htdocs\management-assets\vendor\codeigniter4\framework\system\Database\BaseConnection.php(670): CodeIgniter\Database\MySQLi\Connection->execute('SELECT *\nFROM `...')
#2 C:\xampp\htdocs\management-assets\vendor\codeigniter4\framework\system\Database\BaseConnection.php(598): CodeIgniter\Database\BaseConnection->simpleQuery('SELECT *\nFROM `...')
#3 C:\xampp\htdocs\management-assets\vendor\codeigniter4\framework\system\Database\BaseBuilder.php(1455): CodeIgniter\Database\BaseConnection->query('SELECT *\nFROM `...', Array, false)
#4 C:\xampp\htdocs\management-assets\vendor\codeigniter4\framework\system\Model.php(183): CodeIgniter\Database\BaseBuilder->get()
#5 C:\xampp\htdocs\management-assets\vendor\codeigniter4\framework\system\BaseModel.php(584): CodeIgniter\Model->doFindAll(0, 0)
#6 C:\xampp\htdocs\management-assets\app\Models\ModelPeralatanDanMesin.php(30): CodeIgniter\BaseModel->findAll()
#7 C:\xampp\htdocs\management-assets\app\Controllers\Peralatan_dan_mesin.php(21): App\Models\ModelPeralatanDanMesin->getData()
#8 C:\xampp\htdocs\management-assets\vendor\codeigniter4\framework\system\CodeIgniter.php(832): App\Controllers\Peralatan_dan_mesin->index()
#9 C:\xampp\htdocs\management-assets\vendor\codeigniter4\framework\system\CodeIgniter.php(419): CodeIgniter\CodeIgniter->runController(Object(App\Controllers\Peralatan_dan_mesin))
#10 C:\xampp\htdocs\management-assets\vendor\codeigniter4\framework\system\CodeIgniter.php(326): CodeIgniter\CodeIgniter->handleRequest(NULL, Object(Config\Cache), false)
#11 C:\xampp\htdocs\management-assets\public\index.php(37): CodeIgniter\CodeIgniter->run()
#12 C:\xampp\htdocs\management-assets\vendor\codeigniter4\framework\system\Commands\Server\rewrite.php(43): require_once('C:\\xampp\\htdocs...')
#13 {main}
ERROR - 2022-04-24 23:17:53 --> Table 'management_assets.aset_lainnya' doesn't exist
CRITICAL - 2022-04-24 23:17:53 --> Table 'management_assets.aset_lainnya' doesn't exist
#0 C:\xampp\htdocs\management-assets\vendor\codeigniter4\framework\system\Database\MySQLi\Connection.php(292): mysqli->query('SELECT *\nFROM `...', 0)
#1 C:\xampp\htdocs\management-assets\vendor\codeigniter4\framework\system\Database\BaseConnection.php(670): CodeIgniter\Database\MySQLi\Connection->execute('SELECT *\nFROM `...')
#2 C:\xampp\htdocs\management-assets\vendor\codeigniter4\framework\system\Database\BaseConnection.php(598): CodeIgniter\Database\BaseConnection->simpleQuery('SELECT *\nFROM `...')
#3 C:\xampp\htdocs\management-assets\vendor\codeigniter4\framework\system\Database\BaseBuilder.php(1455): CodeIgniter\Database\BaseConnection->query('SELECT *\nFROM `...', Array, false)
#4 C:\xampp\htdocs\management-assets\vendor\codeigniter4\framework\system\Model.php(183): CodeIgniter\Database\BaseBuilder->get()
#5 C:\xampp\htdocs\management-assets\vendor\codeigniter4\framework\system\BaseModel.php(584): CodeIgniter\Model->doFindAll(0, 0)
#6 C:\xampp\htdocs\management-assets\app\Models\ModelAsetLainnya.php(30): CodeIgniter\BaseModel->findAll()
#7 C:\xampp\htdocs\management-assets\app\Controllers\Aset_lainnya.php(21): App\Models\ModelAsetLainnya->getData()
#8 C:\xampp\htdocs\management-assets\vendor\codeigniter4\framework\system\CodeIgniter.php(832): App\Controllers\Aset_lainnya->index()
#9 C:\xampp\htdocs\management-assets\vendor\codeigniter4\framework\system\CodeIgniter.php(419): CodeIgniter\CodeIgniter->runController(Object(App\Controllers\Aset_lainnya))
#10 C:\xampp\htdocs\management-assets\vendor\codeigniter4\framework\system\CodeIgniter.php(326): CodeIgniter\CodeIgniter->handleRequest(NULL, Object(Config\Cache), false)
#11 C:\xampp\htdocs\management-assets\public\index.php(37): CodeIgniter\CodeIgniter->run()
#12 C:\xampp\htdocs\management-assets\vendor\codeigniter4\framework\system\Commands\Server\rewrite.php(43): require_once('C:\\xampp\\htdocs...')
#13 {main}
