CRITICAL - 2022-04-07 00:24:35 --> Invalid file: public/index.php
#0 C:\xampp\htdocs\web-cms\vendor\codeigniter4\framework\system\View\View.php(198): CodeIgniter\Exceptions\FrameworkException::forInvalidFile('public/index.ph...')
#1 C:\xampp\htdocs\web-cms\vendor\codeigniter4\framework\system\Common.php(1089): CodeIgniter\View\View->render('public/index', Array, true)
#2 C:\xampp\htdocs\web-cms\app\Controllers\Pages.php(22): view('public/index', Array)
#3 C:\xampp\htdocs\web-cms\vendor\codeigniter4\framework\system\CodeIgniter.php(832): App\Controllers\Pages->index()
#4 C:\xampp\htdocs\web-cms\vendor\codeigniter4\framework\system\CodeIgniter.php(419): CodeIgniter\CodeIgniter->runController(Object(App\Controllers\Pages))
#5 C:\xampp\htdocs\web-cms\vendor\codeigniter4\framework\system\CodeIgniter.php(326): CodeIgniter\CodeIgniter->handleRequest(NULL, Object(Config\Cache), false)
#6 C:\xampp\htdocs\web-cms\public\index.php(37): CodeIgniter\CodeIgniter->run()
#7 C:\xampp\htdocs\web-cms\vendor\codeigniter4\framework\system\Commands\Server\rewrite.php(43): require_once('C:\\xampp\\htdocs...')
#8 {main}
CRITICAL - 2022-04-07 00:25:02 --> Invalid file: public/index.php
#0 C:\xampp\htdocs\web-cms\vendor\codeigniter4\framework\system\View\View.php(198): CodeIgniter\Exceptions\FrameworkException::forInvalidFile('public/index.ph...')
#1 C:\xampp\htdocs\web-cms\vendor\codeigniter4\framework\system\Common.php(1089): CodeIgniter\View\View->render('public/index', Array, true)
#2 C:\xampp\htdocs\web-cms\app\Controllers\Pages.php(22): view('public/index', Array)
#3 C:\xampp\htdocs\web-cms\vendor\codeigniter4\framework\system\CodeIgniter.php(832): App\Controllers\Pages->index()
#4 C:\xampp\htdocs\web-cms\vendor\codeigniter4\framework\system\CodeIgniter.php(419): CodeIgniter\CodeIgniter->runController(Object(App\Controllers\Pages))
#5 C:\xampp\htdocs\web-cms\vendor\codeigniter4\framework\system\CodeIgniter.php(326): CodeIgniter\CodeIgniter->handleRequest(NULL, Object(Config\Cache), false)
#6 C:\xampp\htdocs\web-cms\public\index.php(37): CodeIgniter\CodeIgniter->run()
#7 C:\xampp\htdocs\web-cms\vendor\codeigniter4\framework\system\Commands\Server\rewrite.php(43): require_once('C:\\xampp\\htdocs...')
#8 {main}
CRITICAL - 2022-04-07 00:25:04 --> Invalid file: public/index.php
#0 C:\xampp\htdocs\web-cms\vendor\codeigniter4\framework\system\View\View.php(198): CodeIgniter\Exceptions\FrameworkException::forInvalidFile('public/index.ph...')
#1 C:\xampp\htdocs\web-cms\vendor\codeigniter4\framework\system\Common.php(1089): CodeIgniter\View\View->render('public/index', Array, true)
#2 C:\xampp\htdocs\web-cms\app\Controllers\Pages.php(22): view('public/index', Array)
#3 C:\xampp\htdocs\web-cms\vendor\codeigniter4\framework\system\CodeIgniter.php(832): App\Controllers\Pages->index()
#4 C:\xampp\htdocs\web-cms\vendor\codeigniter4\framework\system\CodeIgniter.php(419): CodeIgniter\CodeIgniter->runController(Object(App\Controllers\Pages))
#5 C:\xampp\htdocs\web-cms\vendor\codeigniter4\framework\system\CodeIgniter.php(326): CodeIgniter\CodeIgniter->handleRequest(NULL, Object(Config\Cache), false)
#6 C:\xampp\htdocs\web-cms\public\index.php(37): CodeIgniter\CodeIgniter->run()
#7 C:\xampp\htdocs\web-cms\vendor\codeigniter4\framework\system\Commands\Server\rewrite.php(43): require_once('C:\\xampp\\htdocs...')
#8 {main}
