CRITICAL - 2022-04-17 19:01:19 --> Undefined variable $validation
#0 C:\xampp\htdocs\management-assets\app\Views\laboratorium\create.php(49): CodeIgniter\Debug\Exceptions->errorHandler(2, 'Undefined varia...', 'C:\\xampp\\htdocs...', 49)
#1 C:\xampp\htdocs\management-assets\vendor\codeigniter4\framework\system\View\View.php(210): include('C:\\xampp\\htdocs...')
#2 C:\xampp\htdocs\management-assets\vendor\codeigniter4\framework\system\View\View.php(213): CodeIgniter\View\View->CodeIgniter\View\{closure}()
#3 C:\xampp\htdocs\management-assets\vendor\codeigniter4\framework\system\Common.php(1089): CodeIgniter\View\View->render('laboratorium/cr...', Array, true)
#4 C:\xampp\htdocs\management-assets\app\Controllers\Laboratorium.php(32): view('laboratorium/cr...', Array)
#5 C:\xampp\htdocs\management-assets\vendor\codeigniter4\framework\system\CodeIgniter.php(832): App\Controllers\Laboratorium->create()
#6 C:\xampp\htdocs\management-assets\vendor\codeigniter4\framework\system\CodeIgniter.php(419): CodeIgniter\CodeIgniter->runController(Object(App\Controllers\Laboratorium))
#7 C:\xampp\htdocs\management-assets\vendor\codeigniter4\framework\system\CodeIgniter.php(326): CodeIgniter\CodeIgniter->handleRequest(NULL, Object(Config\Cache), false)
#8 C:\xampp\htdocs\management-assets\public\index.php(37): CodeIgniter\CodeIgniter->run()
#9 C:\xampp\htdocs\management-assets\vendor\codeigniter4\framework\system\Commands\Server\rewrite.php(43): require_once('C:\\xampp\\htdocs...')
#10 {main}
CRITICAL - 2022-04-17 19:05:59 --> Undefined variable $validation
#0 C:\xampp\htdocs\management-assets\app\Views\laboratorium\create.php(49): CodeIgniter\Debug\Exceptions->errorHandler(2, 'Undefined varia...', 'C:\\xampp\\htdocs...', 49)
#1 C:\xampp\htdocs\management-assets\vendor\codeigniter4\framework\system\View\View.php(210): include('C:\\xampp\\htdocs...')
#2 C:\xampp\htdocs\management-assets\vendor\codeigniter4\framework\system\View\View.php(213): CodeIgniter\View\View->CodeIgniter\View\{closure}()
#3 C:\xampp\htdocs\management-assets\vendor\codeigniter4\framework\system\Common.php(1089): CodeIgniter\View\View->render('laboratorium/cr...', Array, true)
#4 C:\xampp\htdocs\management-assets\app\Controllers\Laboratorium.php(32): view('laboratorium/cr...', Array)
#5 C:\xampp\htdocs\management-assets\vendor\codeigniter4\framework\system\CodeIgniter.php(832): App\Controllers\Laboratorium->create()
#6 C:\xampp\htdocs\management-assets\vendor\codeigniter4\framework\system\CodeIgniter.php(419): CodeIgniter\CodeIgniter->runController(Object(App\Controllers\Laboratorium))
#7 C:\xampp\htdocs\management-assets\vendor\codeigniter4\framework\system\CodeIgniter.php(326): CodeIgniter\CodeIgniter->handleRequest(NULL, Object(Config\Cache), false)
#8 C:\xampp\htdocs\management-assets\public\index.php(37): CodeIgniter\CodeIgniter->run()
#9 C:\xampp\htdocs\management-assets\vendor\codeigniter4\framework\system\Commands\Server\rewrite.php(43): require_once('C:\\xampp\\htdocs...')
#10 {main}
CRITICAL - 2022-04-17 19:07:37 --> Undefined variable $validation
#0 C:\xampp\htdocs\management-assets\app\Views\laboratorium\create.php(49): CodeIgniter\Debug\Exceptions->errorHandler(2, 'Undefined varia...', 'C:\\xampp\\htdocs...', 49)
#1 C:\xampp\htdocs\management-assets\vendor\codeigniter4\framework\system\View\View.php(210): include('C:\\xampp\\htdocs...')
#2 C:\xampp\htdocs\management-assets\vendor\codeigniter4\framework\system\View\View.php(213): CodeIgniter\View\View->CodeIgniter\View\{closure}()
#3 C:\xampp\htdocs\management-assets\vendor\codeigniter4\framework\system\Common.php(1089): CodeIgniter\View\View->render('laboratorium/cr...', Array, true)
#4 C:\xampp\htdocs\management-assets\app\Controllers\Laboratorium.php(33): view('laboratorium/cr...', Array)
#5 C:\xampp\htdocs\management-assets\vendor\codeigniter4\framework\system\CodeIgniter.php(832): App\Controllers\Laboratorium->create()
#6 C:\xampp\htdocs\management-assets\vendor\codeigniter4\framework\system\CodeIgniter.php(419): CodeIgniter\CodeIgniter->runController(Object(App\Controllers\Laboratorium))
#7 C:\xampp\htdocs\management-assets\vendor\codeigniter4\framework\system\CodeIgniter.php(326): CodeIgniter\CodeIgniter->handleRequest(NULL, Object(Config\Cache), false)
#8 C:\xampp\htdocs\management-assets\public\index.php(37): CodeIgniter\CodeIgniter->run()
#9 C:\xampp\htdocs\management-assets\vendor\codeigniter4\framework\system\Commands\Server\rewrite.php(43): require_once('C:\\xampp\\htdocs...')
#10 {main}
CRITICAL - 2022-04-17 19:07:39 --> Undefined variable $validation
#0 C:\xampp\htdocs\management-assets\app\Views\laboratorium\create.php(49): CodeIgniter\Debug\Exceptions->errorHandler(2, 'Undefined varia...', 'C:\\xampp\\htdocs...', 49)
#1 C:\xampp\htdocs\management-assets\vendor\codeigniter4\framework\system\View\View.php(210): include('C:\\xampp\\htdocs...')
#2 C:\xampp\htdocs\management-assets\vendor\codeigniter4\framework\system\View\View.php(213): CodeIgniter\View\View->CodeIgniter\View\{closure}()
#3 C:\xampp\htdocs\management-assets\vendor\codeigniter4\framework\system\Common.php(1089): CodeIgniter\View\View->render('laboratorium/cr...', Array, true)
#4 C:\xampp\htdocs\management-assets\app\Controllers\Laboratorium.php(33): view('laboratorium/cr...', Array)
#5 C:\xampp\htdocs\management-assets\vendor\codeigniter4\framework\system\CodeIgniter.php(832): App\Controllers\Laboratorium->create()
#6 C:\xampp\htdocs\management-assets\vendor\codeigniter4\framework\system\CodeIgniter.php(419): CodeIgniter\CodeIgniter->runController(Object(App\Controllers\Laboratorium))
#7 C:\xampp\htdocs\management-assets\vendor\codeigniter4\framework\system\CodeIgniter.php(326): CodeIgniter\CodeIgniter->handleRequest(NULL, Object(Config\Cache), false)
#8 C:\xampp\htdocs\management-assets\public\index.php(37): CodeIgniter\CodeIgniter->run()
#9 C:\xampp\htdocs\management-assets\vendor\codeigniter4\framework\system\Commands\Server\rewrite.php(43): require_once('C:\\xampp\\htdocs...')
#10 {main}
CRITICAL - 2022-04-17 19:07:42 --> Undefined variable $validation
#0 C:\xampp\htdocs\management-assets\app\Views\laboratorium\create.php(49): CodeIgniter\Debug\Exceptions->errorHandler(2, 'Undefined varia...', 'C:\\xampp\\htdocs...', 49)
#1 C:\xampp\htdocs\management-assets\vendor\codeigniter4\framework\system\View\View.php(210): include('C:\\xampp\\htdocs...')
#2 C:\xampp\htdocs\management-assets\vendor\codeigniter4\framework\system\View\View.php(213): CodeIgniter\View\View->CodeIgniter\View\{closure}()
#3 C:\xampp\htdocs\management-assets\vendor\codeigniter4\framework\system\Common.php(1089): CodeIgniter\View\View->render('laboratorium/cr...', Array, true)
#4 C:\xampp\htdocs\management-assets\app\Controllers\Laboratorium.php(33): view('laboratorium/cr...', Array)
#5 C:\xampp\htdocs\management-assets\vendor\codeigniter4\framework\system\CodeIgniter.php(832): App\Controllers\Laboratorium->create()
#6 C:\xampp\htdocs\management-assets\vendor\codeigniter4\framework\system\CodeIgniter.php(419): CodeIgniter\CodeIgniter->runController(Object(App\Controllers\Laboratorium))
#7 C:\xampp\htdocs\management-assets\vendor\codeigniter4\framework\system\CodeIgniter.php(326): CodeIgniter\CodeIgniter->handleRequest(NULL, Object(Config\Cache), false)
#8 C:\xampp\htdocs\management-assets\public\index.php(37): CodeIgniter\CodeIgniter->run()
#9 C:\xampp\htdocs\management-assets\vendor\codeigniter4\framework\system\Commands\Server\rewrite.php(43): require_once('C:\\xampp\\htdocs...')
#10 {main}
CRITICAL - 2022-04-17 20:03:27 --> unlink(img/monitor2_1.jpg): No such file or directory
#0 [internal function]: CodeIgniter\Debug\Exceptions->errorHandler(2, 'unlink(img/moni...', 'C:\\xampp\\htdocs...', 108)
#1 C:\xampp\htdocs\management-assets\app\Controllers\Laboratorium.php(108): unlink('img/monitor2_1....')
#2 C:\xampp\htdocs\management-assets\vendor\codeigniter4\framework\system\CodeIgniter.php(832): App\Controllers\Laboratorium->delete('11')
#3 C:\xampp\htdocs\management-assets\vendor\codeigniter4\framework\system\CodeIgniter.php(419): CodeIgniter\CodeIgniter->runController(Object(App\Controllers\Laboratorium))
#4 C:\xampp\htdocs\management-assets\vendor\codeigniter4\framework\system\CodeIgniter.php(326): CodeIgniter\CodeIgniter->handleRequest(NULL, Object(Config\Cache), false)
#5 C:\xampp\htdocs\management-assets\public\index.php(37): CodeIgniter\CodeIgniter->run()
#6 C:\xampp\htdocs\management-assets\vendor\codeigniter4\framework\system\Commands\Server\rewrite.php(43): require_once('C:\\xampp\\htdocs...')
#7 {main}
CRITICAL - 2022-04-17 20:19:18 --> Too few arguments to function App\Controllers\Laboratorium::edit(), 0 passed in C:\xampp\htdocs\management-assets\vendor\codeigniter4\framework\system\CodeIgniter.php on line 832 and exactly 1 expected
#0 C:\xampp\htdocs\management-assets\vendor\codeigniter4\framework\system\CodeIgniter.php(832): App\Controllers\Laboratorium->edit()
#1 C:\xampp\htdocs\management-assets\vendor\codeigniter4\framework\system\CodeIgniter.php(419): CodeIgniter\CodeIgniter->runController(Object(App\Controllers\Laboratorium))
#2 C:\xampp\htdocs\management-assets\vendor\codeigniter4\framework\system\CodeIgniter.php(326): CodeIgniter\CodeIgniter->handleRequest(NULL, Object(Config\Cache), false)
#3 C:\xampp\htdocs\management-assets\public\index.php(37): CodeIgniter\CodeIgniter->run()
#4 C:\xampp\htdocs\management-assets\vendor\codeigniter4\framework\system\Commands\Server\rewrite.php(43): require_once('C:\\xampp\\htdocs...')
#5 {main}
CRITICAL - 2022-04-17 20:20:20 --> Too few arguments to function App\Controllers\Laboratorium::edit(), 0 passed in C:\xampp\htdocs\management-assets\vendor\codeigniter4\framework\system\CodeIgniter.php on line 832 and exactly 1 expected
#0 C:\xampp\htdocs\management-assets\vendor\codeigniter4\framework\system\CodeIgniter.php(832): App\Controllers\Laboratorium->edit()
#1 C:\xampp\htdocs\management-assets\vendor\codeigniter4\framework\system\CodeIgniter.php(419): CodeIgniter\CodeIgniter->runController(Object(App\Controllers\Laboratorium))
#2 C:\xampp\htdocs\management-assets\vendor\codeigniter4\framework\system\CodeIgniter.php(326): CodeIgniter\CodeIgniter->handleRequest(NULL, Object(Config\Cache), false)
#3 C:\xampp\htdocs\management-assets\public\index.php(37): CodeIgniter\CodeIgniter->run()
#4 C:\xampp\htdocs\management-assets\vendor\codeigniter4\framework\system\Commands\Server\rewrite.php(43): require_once('C:\\xampp\\htdocs...')
#5 {main}
CRITICAL - 2022-04-17 20:21:42 --> Too few arguments to function App\Controllers\Laboratorium::edit(), 0 passed in C:\xampp\htdocs\management-assets\vendor\codeigniter4\framework\system\CodeIgniter.php on line 832 and exactly 1 expected
#0 C:\xampp\htdocs\management-assets\vendor\codeigniter4\framework\system\CodeIgniter.php(832): App\Controllers\Laboratorium->edit()
#1 C:\xampp\htdocs\management-assets\vendor\codeigniter4\framework\system\CodeIgniter.php(419): CodeIgniter\CodeIgniter->runController(Object(App\Controllers\Laboratorium))
#2 C:\xampp\htdocs\management-assets\vendor\codeigniter4\framework\system\CodeIgniter.php(326): CodeIgniter\CodeIgniter->handleRequest(NULL, Object(Config\Cache), false)
#3 C:\xampp\htdocs\management-assets\public\index.php(37): CodeIgniter\CodeIgniter->run()
#4 C:\xampp\htdocs\management-assets\vendor\codeigniter4\framework\system\Commands\Server\rewrite.php(43): require_once('C:\\xampp\\htdocs...')
#5 {main}
ERROR - 2022-04-17 20:23:35 --> Unknown column 'slug' in 'where clause'
CRITICAL - 2022-04-17 20:23:35 --> Unknown column 'slug' in 'where clause'
#0 C:\xampp\htdocs\management-assets\vendor\codeigniter4\framework\system\Database\MySQLi\Connection.php(292): mysqli->query('SELECT *\nFROM `...', 0)
#1 C:\xampp\htdocs\management-assets\vendor\codeigniter4\framework\system\Database\BaseConnection.php(670): CodeIgniter\Database\MySQLi\Connection->execute('SELECT *\nFROM `...')
#2 C:\xampp\htdocs\management-assets\vendor\codeigniter4\framework\system\Database\BaseConnection.php(598): CodeIgniter\Database\BaseConnection->simpleQuery('SELECT *\nFROM `...')
#3 C:\xampp\htdocs\management-assets\vendor\codeigniter4\framework\system\Database\BaseBuilder.php(1455): CodeIgniter\Database\BaseConnection->query('SELECT *\nFROM `...', Array, false)
#4 C:\xampp\htdocs\management-assets\vendor\codeigniter4\framework\system\Model.php(210): CodeIgniter\Database\BaseBuilder->get()
#5 C:\xampp\htdocs\management-assets\vendor\codeigniter4\framework\system\BaseModel.php(622): CodeIgniter\Model->doFirst()
#6 C:\xampp\htdocs\management-assets\app\Models\ModelLaboratorium.php(31): CodeIgniter\BaseModel->first()
#7 C:\xampp\htdocs\management-assets\app\Controllers\Laboratorium.php(48): App\Models\ModelLaboratorium->getData('1')
#8 C:\xampp\htdocs\management-assets\vendor\codeigniter4\framework\system\CodeIgniter.php(832): App\Controllers\Laboratorium->edit('1')
#9 C:\xampp\htdocs\management-assets\vendor\codeigniter4\framework\system\CodeIgniter.php(419): CodeIgniter\CodeIgniter->runController(Object(App\Controllers\Laboratorium))
#10 C:\xampp\htdocs\management-assets\vendor\codeigniter4\framework\system\CodeIgniter.php(326): CodeIgniter\CodeIgniter->handleRequest(NULL, Object(Config\Cache), false)
#11 C:\xampp\htdocs\management-assets\public\index.php(37): CodeIgniter\CodeIgniter->run()
#12 C:\xampp\htdocs\management-assets\vendor\codeigniter4\framework\system\Commands\Server\rewrite.php(43): require_once('C:\\xampp\\htdocs...')
#13 {main}
ERROR - 2022-04-17 20:29:03 --> Unknown column 'slug' in 'where clause'
CRITICAL - 2022-04-17 20:29:03 --> Unknown column 'slug' in 'where clause'
#0 C:\xampp\htdocs\management-assets\vendor\codeigniter4\framework\system\Database\MySQLi\Connection.php(292): mysqli->query('SELECT *\nFROM `...', 0)
#1 C:\xampp\htdocs\management-assets\vendor\codeigniter4\framework\system\Database\BaseConnection.php(670): CodeIgniter\Database\MySQLi\Connection->execute('SELECT *\nFROM `...')
#2 C:\xampp\htdocs\management-assets\vendor\codeigniter4\framework\system\Database\BaseConnection.php(598): CodeIgniter\Database\BaseConnection->simpleQuery('SELECT *\nFROM `...')
#3 C:\xampp\htdocs\management-assets\vendor\codeigniter4\framework\system\Database\BaseBuilder.php(1455): CodeIgniter\Database\BaseConnection->query('SELECT *\nFROM `...', Array, false)
#4 C:\xampp\htdocs\management-assets\vendor\codeigniter4\framework\system\Model.php(210): CodeIgniter\Database\BaseBuilder->get()
#5 C:\xampp\htdocs\management-assets\vendor\codeigniter4\framework\system\BaseModel.php(622): CodeIgniter\Model->doFirst()
#6 C:\xampp\htdocs\management-assets\app\Models\ModelLaboratorium.php(31): CodeIgniter\BaseModel->first()
#7 C:\xampp\htdocs\management-assets\app\Controllers\Laboratorium.php(48): App\Models\ModelLaboratorium->getData('3')
#8 C:\xampp\htdocs\management-assets\vendor\codeigniter4\framework\system\CodeIgniter.php(832): App\Controllers\Laboratorium->edit('3')
#9 C:\xampp\htdocs\management-assets\vendor\codeigniter4\framework\system\CodeIgniter.php(419): CodeIgniter\CodeIgniter->runController(Object(App\Controllers\Laboratorium))
#10 C:\xampp\htdocs\management-assets\vendor\codeigniter4\framework\system\CodeIgniter.php(326): CodeIgniter\CodeIgniter->handleRequest(NULL, Object(Config\Cache), false)
#11 C:\xampp\htdocs\management-assets\public\index.php(37): CodeIgniter\CodeIgniter->run()
#12 C:\xampp\htdocs\management-assets\vendor\codeigniter4\framework\system\Commands\Server\rewrite.php(43): require_once('C:\\xampp\\htdocs...')
#13 {main}
ERROR - 2022-04-17 20:31:23 --> Unknown column 'slug' in 'where clause'
CRITICAL - 2022-04-17 20:31:23 --> Unknown column 'slug' in 'where clause'
#0 C:\xampp\htdocs\management-assets\vendor\codeigniter4\framework\system\Database\MySQLi\Connection.php(292): mysqli->query('SELECT *\nFROM `...', 0)
#1 C:\xampp\htdocs\management-assets\vendor\codeigniter4\framework\system\Database\BaseConnection.php(670): CodeIgniter\Database\MySQLi\Connection->execute('SELECT *\nFROM `...')
#2 C:\xampp\htdocs\management-assets\vendor\codeigniter4\framework\system\Database\BaseConnection.php(598): CodeIgniter\Database\BaseConnection->simpleQuery('SELECT *\nFROM `...')
#3 C:\xampp\htdocs\management-assets\vendor\codeigniter4\framework\system\Database\BaseBuilder.php(1455): CodeIgniter\Database\BaseConnection->query('SELECT *\nFROM `...', Array, false)
#4 C:\xampp\htdocs\management-assets\vendor\codeigniter4\framework\system\Model.php(210): CodeIgniter\Database\BaseBuilder->get()
#5 C:\xampp\htdocs\management-assets\vendor\codeigniter4\framework\system\BaseModel.php(622): CodeIgniter\Model->doFirst()
#6 C:\xampp\htdocs\management-assets\app\Models\ModelLaboratorium.php(31): CodeIgniter\BaseModel->first()
#7 C:\xampp\htdocs\management-assets\app\Controllers\Laboratorium.php(48): App\Models\ModelLaboratorium->getData('3')
#8 C:\xampp\htdocs\management-assets\vendor\codeigniter4\framework\system\CodeIgniter.php(832): App\Controllers\Laboratorium->edit('3')
#9 C:\xampp\htdocs\management-assets\vendor\codeigniter4\framework\system\CodeIgniter.php(419): CodeIgniter\CodeIgniter->runController(Object(App\Controllers\Laboratorium))
#10 C:\xampp\htdocs\management-assets\vendor\codeigniter4\framework\system\CodeIgniter.php(326): CodeIgniter\CodeIgniter->handleRequest(NULL, Object(Config\Cache), false)
#11 C:\xampp\htdocs\management-assets\public\index.php(37): CodeIgniter\CodeIgniter->run()
#12 C:\xampp\htdocs\management-assets\vendor\codeigniter4\framework\system\Commands\Server\rewrite.php(43): require_once('C:\\xampp\\htdocs...')
#13 {main}
ERROR - 2022-04-17 20:31:28 --> Unknown column 'slug' in 'where clause'
CRITICAL - 2022-04-17 20:31:28 --> Unknown column 'slug' in 'where clause'
#0 C:\xampp\htdocs\management-assets\vendor\codeigniter4\framework\system\Database\MySQLi\Connection.php(292): mysqli->query('SELECT *\nFROM `...', 0)
#1 C:\xampp\htdocs\management-assets\vendor\codeigniter4\framework\system\Database\BaseConnection.php(670): CodeIgniter\Database\MySQLi\Connection->execute('SELECT *\nFROM `...')
#2 C:\xampp\htdocs\management-assets\vendor\codeigniter4\framework\system\Database\BaseConnection.php(598): CodeIgniter\Database\BaseConnection->simpleQuery('SELECT *\nFROM `...')
#3 C:\xampp\htdocs\management-assets\vendor\codeigniter4\framework\system\Database\BaseBuilder.php(1455): CodeIgniter\Database\BaseConnection->query('SELECT *\nFROM `...', Array, false)
#4 C:\xampp\htdocs\management-assets\vendor\codeigniter4\framework\system\Model.php(210): CodeIgniter\Database\BaseBuilder->get()
#5 C:\xampp\htdocs\management-assets\vendor\codeigniter4\framework\system\BaseModel.php(622): CodeIgniter\Model->doFirst()
#6 C:\xampp\htdocs\management-assets\app\Models\ModelLaboratorium.php(31): CodeIgniter\BaseModel->first()
#7 C:\xampp\htdocs\management-assets\app\Controllers\Laboratorium.php(48): App\Models\ModelLaboratorium->getData('9')
#8 C:\xampp\htdocs\management-assets\vendor\codeigniter4\framework\system\CodeIgniter.php(832): App\Controllers\Laboratorium->edit('9')
#9 C:\xampp\htdocs\management-assets\vendor\codeigniter4\framework\system\CodeIgniter.php(419): CodeIgniter\CodeIgniter->runController(Object(App\Controllers\Laboratorium))
#10 C:\xampp\htdocs\management-assets\vendor\codeigniter4\framework\system\CodeIgniter.php(326): CodeIgniter\CodeIgniter->handleRequest(NULL, Object(Config\Cache), false)
#11 C:\xampp\htdocs\management-assets\public\index.php(37): CodeIgniter\CodeIgniter->run()
#12 C:\xampp\htdocs\management-assets\vendor\codeigniter4\framework\system\Commands\Server\rewrite.php(43): require_once('C:\\xampp\\htdocs...')
#13 {main}
ERROR - 2022-04-17 20:36:45 --> Unknown column 'slug' in 'where clause'
CRITICAL - 2022-04-17 20:36:45 --> Unknown column 'slug' in 'where clause'
#0 C:\xampp\htdocs\management-assets\vendor\codeigniter4\framework\system\Database\MySQLi\Connection.php(292): mysqli->query('SELECT *\nFROM `...', 0)
#1 C:\xampp\htdocs\management-assets\vendor\codeigniter4\framework\system\Database\BaseConnection.php(670): CodeIgniter\Database\MySQLi\Connection->execute('SELECT *\nFROM `...')
#2 C:\xampp\htdocs\management-assets\vendor\codeigniter4\framework\system\Database\BaseConnection.php(598): CodeIgniter\Database\BaseConnection->simpleQuery('SELECT *\nFROM `...')
#3 C:\xampp\htdocs\management-assets\vendor\codeigniter4\framework\system\Database\BaseBuilder.php(1455): CodeIgniter\Database\BaseConnection->query('SELECT *\nFROM `...', Array, false)
#4 C:\xampp\htdocs\management-assets\vendor\codeigniter4\framework\system\Model.php(210): CodeIgniter\Database\BaseBuilder->get()
#5 C:\xampp\htdocs\management-assets\vendor\codeigniter4\framework\system\BaseModel.php(622): CodeIgniter\Model->doFirst()
#6 C:\xampp\htdocs\management-assets\app\Models\ModelLaboratorium.php(31): CodeIgniter\BaseModel->first()
#7 C:\xampp\htdocs\management-assets\app\Controllers\Laboratorium.php(48): App\Models\ModelLaboratorium->getData('9')
#8 C:\xampp\htdocs\management-assets\vendor\codeigniter4\framework\system\CodeIgniter.php(832): App\Controllers\Laboratorium->edit('9')
#9 C:\xampp\htdocs\management-assets\vendor\codeigniter4\framework\system\CodeIgniter.php(419): CodeIgniter\CodeIgniter->runController(Object(App\Controllers\Laboratorium))
#10 C:\xampp\htdocs\management-assets\vendor\codeigniter4\framework\system\CodeIgniter.php(326): CodeIgniter\CodeIgniter->handleRequest(NULL, Object(Config\Cache), false)
#11 C:\xampp\htdocs\management-assets\public\index.php(37): CodeIgniter\CodeIgniter->run()
#12 C:\xampp\htdocs\management-assets\vendor\codeigniter4\framework\system\Commands\Server\rewrite.php(43): require_once('C:\\xampp\\htdocs...')
#13 {main}
ERROR - 2022-04-17 20:36:52 --> Unknown column 'slug' in 'where clause'
CRITICAL - 2022-04-17 20:36:52 --> Unknown column 'slug' in 'where clause'
#0 C:\xampp\htdocs\management-assets\vendor\codeigniter4\framework\system\Database\MySQLi\Connection.php(292): mysqli->query('SELECT *\nFROM `...', 0)
#1 C:\xampp\htdocs\management-assets\vendor\codeigniter4\framework\system\Database\BaseConnection.php(670): CodeIgniter\Database\MySQLi\Connection->execute('SELECT *\nFROM `...')
#2 C:\xampp\htdocs\management-assets\vendor\codeigniter4\framework\system\Database\BaseConnection.php(598): CodeIgniter\Database\BaseConnection->simpleQuery('SELECT *\nFROM `...')
#3 C:\xampp\htdocs\management-assets\vendor\codeigniter4\framework\system\Database\BaseBuilder.php(1455): CodeIgniter\Database\BaseConnection->query('SELECT *\nFROM `...', Array, false)
#4 C:\xampp\htdocs\management-assets\vendor\codeigniter4\framework\system\Model.php(210): CodeIgniter\Database\BaseBuilder->get()
#5 C:\xampp\htdocs\management-assets\vendor\codeigniter4\framework\system\BaseModel.php(622): CodeIgniter\Model->doFirst()
#6 C:\xampp\htdocs\management-assets\app\Models\ModelLaboratorium.php(31): CodeIgniter\BaseModel->first()
#7 C:\xampp\htdocs\management-assets\app\Controllers\Laboratorium.php(48): App\Models\ModelLaboratorium->getData('3')
#8 C:\xampp\htdocs\management-assets\vendor\codeigniter4\framework\system\CodeIgniter.php(832): App\Controllers\Laboratorium->edit('3')
#9 C:\xampp\htdocs\management-assets\vendor\codeigniter4\framework\system\CodeIgniter.php(419): CodeIgniter\CodeIgniter->runController(Object(App\Controllers\Laboratorium))
#10 C:\xampp\htdocs\management-assets\vendor\codeigniter4\framework\system\CodeIgniter.php(326): CodeIgniter\CodeIgniter->handleRequest(NULL, Object(Config\Cache), false)
#11 C:\xampp\htdocs\management-assets\public\index.php(37): CodeIgniter\CodeIgniter->run()
#12 C:\xampp\htdocs\management-assets\vendor\codeigniter4\framework\system\Commands\Server\rewrite.php(43): require_once('C:\\xampp\\htdocs...')
#13 {main}
CRITICAL - 2022-04-17 20:53:35 --> Too few arguments to function App\Controllers\Laboratorium::edit(), 0 passed in C:\xampp\htdocs\management-assets\vendor\codeigniter4\framework\system\CodeIgniter.php on line 832 and exactly 1 expected
#0 C:\xampp\htdocs\management-assets\vendor\codeigniter4\framework\system\CodeIgniter.php(832): App\Controllers\Laboratorium->edit()
#1 C:\xampp\htdocs\management-assets\vendor\codeigniter4\framework\system\CodeIgniter.php(419): CodeIgniter\CodeIgniter->runController(Object(App\Controllers\Laboratorium))
#2 C:\xampp\htdocs\management-assets\vendor\codeigniter4\framework\system\CodeIgniter.php(326): CodeIgniter\CodeIgniter->handleRequest(NULL, Object(Config\Cache), false)
#3 C:\xampp\htdocs\management-assets\public\index.php(37): CodeIgniter\CodeIgniter->run()
#4 C:\xampp\htdocs\management-assets\vendor\codeigniter4\framework\system\Commands\Server\rewrite.php(43): require_once('C:\\xampp\\htdocs...')
#5 {main}
CRITICAL - 2022-04-17 20:53:58 --> Too few arguments to function App\Controllers\Laboratorium::edit(), 0 passed in C:\xampp\htdocs\management-assets\vendor\codeigniter4\framework\system\CodeIgniter.php on line 832 and exactly 1 expected
#0 C:\xampp\htdocs\management-assets\vendor\codeigniter4\framework\system\CodeIgniter.php(832): App\Controllers\Laboratorium->edit()
#1 C:\xampp\htdocs\management-assets\vendor\codeigniter4\framework\system\CodeIgniter.php(419): CodeIgniter\CodeIgniter->runController(Object(App\Controllers\Laboratorium))
#2 C:\xampp\htdocs\management-assets\vendor\codeigniter4\framework\system\CodeIgniter.php(326): CodeIgniter\CodeIgniter->handleRequest(NULL, Object(Config\Cache), false)
#3 C:\xampp\htdocs\management-assets\public\index.php(37): CodeIgniter\CodeIgniter->run()
#4 C:\xampp\htdocs\management-assets\vendor\codeigniter4\framework\system\Commands\Server\rewrite.php(43): require_once('C:\\xampp\\htdocs...')
#5 {main}
CRITICAL - 2022-04-17 20:54:53 --> unlink(img/laboratoriumdefault.png): No such file or directory
#0 [internal function]: CodeIgniter\Debug\Exceptions->errorHandler(2, 'unlink(img/labo...', 'C:\\xampp\\htdocs...', 85)
#1 C:\xampp\htdocs\management-assets\app\Controllers\Laboratorium.php(85): unlink('img/laboratoriu...')
#2 C:\xampp\htdocs\management-assets\vendor\codeigniter4\framework\system\CodeIgniter.php(832): App\Controllers\Laboratorium->update('12')
#3 C:\xampp\htdocs\management-assets\vendor\codeigniter4\framework\system\CodeIgniter.php(419): CodeIgniter\CodeIgniter->runController(Object(App\Controllers\Laboratorium))
#4 C:\xampp\htdocs\management-assets\vendor\codeigniter4\framework\system\CodeIgniter.php(326): CodeIgniter\CodeIgniter->handleRequest(NULL, Object(Config\Cache), false)
#5 C:\xampp\htdocs\management-assets\public\index.php(37): CodeIgniter\CodeIgniter->run()
#6 C:\xampp\htdocs\management-assets\vendor\codeigniter4\framework\system\Commands\Server\rewrite.php(43): require_once('C:\\xampp\\htdocs...')
#7 {main}
CRITICAL - 2022-04-17 20:55:45 --> unlink(img/laboratoriumdefault.png): No such file or directory
#0 [internal function]: CodeIgniter\Debug\Exceptions->errorHandler(2, 'unlink(img/labo...', 'C:\\xampp\\htdocs...', 85)
#1 C:\xampp\htdocs\management-assets\app\Controllers\Laboratorium.php(85): unlink('img/laboratoriu...')
#2 C:\xampp\htdocs\management-assets\vendor\codeigniter4\framework\system\CodeIgniter.php(832): App\Controllers\Laboratorium->update('12')
#3 C:\xampp\htdocs\management-assets\vendor\codeigniter4\framework\system\CodeIgniter.php(419): CodeIgniter\CodeIgniter->runController(Object(App\Controllers\Laboratorium))
#4 C:\xampp\htdocs\management-assets\vendor\codeigniter4\framework\system\CodeIgniter.php(326): CodeIgniter\CodeIgniter->handleRequest(NULL, Object(Config\Cache), false)
#5 C:\xampp\htdocs\management-assets\public\index.php(37): CodeIgniter\CodeIgniter->run()
#6 C:\xampp\htdocs\management-assets\vendor\codeigniter4\framework\system\Commands\Server\rewrite.php(43): require_once('C:\\xampp\\htdocs...')
#7 {main}
